#
# An unexpected error has been detected by Java Runtime Environment:
#
#  EXCEPTION_ACCESS_VIOLATION (0xc0000005) at pc=0x6d0e481a, pid=2720, tid=2312
#
# Java VM: Java HotSpot(TM) Client VM (11.3-b02 mixed mode, sharing windows-x86)
# Problematic frame:
# C  [awt.dll+0x3481a]
#
# If you would like to submit a bug report, please visit:
#   http://java.sun.com/webapps/bugreport/crash.jsp
# The crash happened outside the Java Virtual Machine in native code.
# See problematic frame for where to report the bug.
#

---------------  T H R E A D  ---------------

Current thread (0x02b52800):  JavaThread "AWT-Windows" daemon [_thread_in_native, id=2312, stack(0x03140000,0x03190000)]

siginfo: ExceptionCode=0xc0000005, writing address 0xe3d48040

Registers:
EAX=0x0000000d, EBX=0x00000100, ECX=0x00000010, EDX=0x0000000d
ESP=0x0318f4a4, EBP=0xcc0d0d0d, ESI=0xe3d48040, EDI=0x23cfd2f4
EIP=0x6d0e481a, EFLAGS=0x00010282

Top of Stack: (sp=0x0318f4a4)
0x0318f4a4:   0318f500 00000100 0318f584 00000013
0x0318f4b4:   6d15b140 cc101010 00000c00 00000100
0x0318f4c4:   00000013 00000000 0318f500 00000000
0x0318f4d4:   00000000 00000100 02b53c98 00000104
0x0318f4e4:   0011bf40 00000400 e3d48040 00000000
0x0318f4f4:   00000000 00000100 00000013 00000000
0x0318f504:   00000000 00000100 00000013 00000000
0x0318f514:   00000000 00000004 00000400 00000000 

Instructions: (pc=0x6d0e481a)
0x6d0e480a:   00 0f b6 84 01 c0 34 1b 6d 0b ea c1 e5 08 0b e8
0x6d0e481a:   89 2e 83 c7 04 83 c6 04 4b 75 9f 8b 54 24 18 8b 


Stack: [0x03140000,0x03190000],  sp=0x0318f4a4,  free space=317k
Native frames: (J=compiled Java code, j=interpreted, Vv=VM code, C=native code)
C  [awt.dll+0x3481a]

Java frames: (J=compiled Java code, j=interpreted, Vv=VM code)
j  sun.awt.windows.WToolkit.eventLoop()V+0
j  sun.awt.windows.WToolkit.run()V+69
j  java.lang.Thread.run()V+11
v  ~StubRoutines::call_stub

---------------  P R O C E S S  ---------------

Java Threads: ( => current thread )
  0x03a6c400 JavaThread "Image Fetcher 1" daemon [_thread_blocked, id=2892, stack(0x04220000,0x04270000)]
  0x02b10400 JavaThread "Image Fetcher 0" daemon [_thread_blocked, id=2264, stack(0x03300000,0x03350000)]
  0x02edbc00 JavaThread "D3D Screen Updater" daemon [_thread_blocked, id=2648, stack(0x037b0000,0x03800000)]
  0x00306800 JavaThread "DestroyJavaVM" [_thread_blocked, id=2692, stack(0x008c0000,0x00910000)]
  0x02fb2400 JavaThread "Laf-Widget fade tracker" [_thread_blocked, id=2672, stack(0x03760000,0x037b0000)]
  0x02f23400 JavaThread "TimerQueue" daemon [_thread_blocked, id=2320, stack(0x03710000,0x03760000)]
  0x02e83c00 JavaThread "AWT-EventQueue-0" [_thread_in_native, id=2300, stack(0x03350000,0x033a0000)]
=>0x02b52800 JavaThread "AWT-Windows" daemon [_thread_in_native, id=2312, stack(0x03140000,0x03190000)]
  0x02b51400 JavaThread "AWT-Shutdown" [_thread_blocked, id=2464, stack(0x030f0000,0x03140000)]
  0x02b4e400 JavaThread "Java2D Disposer" daemon [_thread_blocked, id=348, stack(0x030a0000,0x030f0000)]
  0x02aeb400 JavaThread "Low Memory Detector" daemon [_thread_blocked, id=1116, stack(0x02d60000,0x02db0000)]
  0x02ae5000 JavaThread "CompilerThread0" daemon [_thread_blocked, id=1000, stack(0x02d10000,0x02d60000)]
  0x02ae3800 JavaThread "Attach Listener" daemon [_thread_blocked, id=1504, stack(0x02cc0000,0x02d10000)]
  0x02ae2400 JavaThread "Signal Dispatcher" daemon [_thread_blocked, id=2288, stack(0x02c70000,0x02cc0000)]
  0x02aa3c00 JavaThread "Finalizer" daemon [_thread_blocked, id=2736, stack(0x02c20000,0x02c70000)]
  0x02a9f000 JavaThread "Reference Handler" daemon [_thread_blocked, id=904, stack(0x02bd0000,0x02c20000)]

Other Threads:
  0x02a9d800 VMThread [stack: 0x02b80000,0x02bd0000] [id=912]
  0x02aecc00 WatcherThread [stack: 0x02db0000,0x02e00000] [id=1604]

VM state:not at safepoint (normal execution)

VM Mutex/Monitor currently owned by a thread: None

Heap
 def new generation   total 3328K, used 683K [0x22940000, 0x22cd0000, 0x22e20000)
  eden space 3008K,  22% used [0x22940000, 0x229eacf8, 0x22c30000)
  from space 320K,   0% used [0x22c80000, 0x22c80000, 0x22cd0000)
  to   space 320K,   0% used [0x22c30000, 0x22c30000, 0x22c80000)
 tenured generation   total 42820K, used 33200K [0x22e20000, 0x257f1000, 0x26940000)
   the space 42820K,  77% used [0x22e20000, 0x24e8c2e0, 0x24e8c400, 0x257f1000)
 compacting perm gen  total 12288K, used 3729K [0x26940000, 0x27540000, 0x2a940000)
   the space 12288K,  30% used [0x26940000, 0x26ce4660, 0x26ce4800, 0x27540000)
    ro space 8192K,  67% used [0x2a940000, 0x2aea7ea8, 0x2aea8000, 0x2b140000)
    rw space 12288K,  53% used [0x2b140000, 0x2b7b5530, 0x2b7b5600, 0x2bd40000)

Dynamic libraries:
0x00400000 - 0x00424000 	C:\Archivos de programa\Java\jdk1.6.0_13\bin\java.exe
0x7c910000 - 0x7c9c6000 	C:\WINDOWS\system32\ntdll.dll
0x7c800000 - 0x7c902000 	C:\WINDOWS\system32\kernel32.dll
0x77da0000 - 0x77e4c000 	C:\WINDOWS\system32\ADVAPI32.dll
0x77e50000 - 0x77ee1000 	C:\WINDOWS\system32\RPCRT4.dll
0x7c340000 - 0x7c396000 	C:\Archivos de programa\Java\jdk1.6.0_13\jre\bin\msvcr71.dll
0x6d8b0000 - 0x6db06000 	C:\Archivos de programa\Java\jdk1.6.0_13\jre\bin\client\jvm.dll
0x77d10000 - 0x77da0000 	C:\WINDOWS\system32\USER32.dll
0x77ef0000 - 0x77f37000 	C:\WINDOWS\system32\GDI32.dll
0x76b00000 - 0x76b2e000 	C:\WINDOWS\system32\WINMM.dll
0x6d340000 - 0x6d348000 	C:\Archivos de programa\Java\jdk1.6.0_13\jre\bin\hpi.dll
0x76bb0000 - 0x76bbb000 	C:\WINDOWS\system32\PSAPI.DLL
0x6d860000 - 0x6d86c000 	C:\Archivos de programa\Java\jdk1.6.0_13\jre\bin\verify.dll
0x6d3e0000 - 0x6d3ff000 	C:\Archivos de programa\Java\jdk1.6.0_13\jre\bin\java.dll
0x6d8a0000 - 0x6d8af000 	C:\Archivos de programa\Java\jdk1.6.0_13\jre\bin\zip.dll
0x6d0b0000 - 0x6d1fa000 	C:\Archivos de programa\Java\jdk1.6.0_13\jre\bin\awt.dll
0x72f80000 - 0x72fa6000 	C:\WINDOWS\system32\WINSPOOL.DRV
0x77be0000 - 0x77c38000 	C:\WINDOWS\system32\msvcrt.dll
0x76340000 - 0x7635d000 	C:\WINDOWS\system32\IMM32.dll
0x774b0000 - 0x775ed000 	C:\WINDOWS\system32\ole32.dll
0x773a0000 - 0x774a2000 	C:\WINDOWS\WinSxS\x86_Microsoft.Windows.Common-Controls_6595b64144ccf1df_6.0.2600.2180_x-ww_a84f1ff9\comctl32.dll
0x77f40000 - 0x77fb6000 	C:\WINDOWS\system32\SHLWAPI.dll
0x5b150000 - 0x5b188000 	C:\WINDOWS\system32\uxtheme.dll
0x6d2e0000 - 0x6d334000 	C:\Archivos de programa\Java\jdk1.6.0_13\jre\bin\fontmanager.dll
0x746b0000 - 0x746fb000 	C:\WINDOWS\system32\MSCTF.dll
0x4fd10000 - 0x4feb6000 	C:\WINDOWS\system32\d3d9.dll
0x6dea0000 - 0x6dea6000 	C:\WINDOWS\system32\d3d8thk.dll
0x77bd0000 - 0x77bd8000 	C:\WINDOWS\system32\VERSION.dll
0x7c9d0000 - 0x7d1f0000 	C:\WINDOWS\system32\shell32.dll
0x0ffd0000 - 0x0fff8000 	C:\WINDOWS\system32\rsaenh.dll
0x76630000 - 0x766e4000 	C:\WINDOWS\system32\USERENV.dll
0x597f0000 - 0x59845000 	C:\WINDOWS\system32\netapi32.dll
0x6d6c0000 - 0x6d6d3000 	C:\Archivos de programa\Java\jdk1.6.0_13\jre\bin\net.dll
0x71a30000 - 0x71a47000 	C:\WINDOWS\system32\WS2_32.dll
0x71a20000 - 0x71a28000 	C:\WINDOWS\system32\WS2HELP.dll
0x719d0000 - 0x71a10000 	C:\WINDOWS\System32\mswsock.dll
0x76ee0000 - 0x76f07000 	C:\WINDOWS\system32\DNSAPI.dll
0x76d20000 - 0x76d39000 	C:\WINDOWS\system32\iphlpapi.dll
0x76f70000 - 0x76f78000 	C:\WINDOWS\System32\winrnr.dll
0x76f20000 - 0x76f4d000 	C:\WINDOWS\system32\WLDAP32.dll
0x76f80000 - 0x76f86000 	C:\WINDOWS\system32\rasadhlp.dll
0x6d500000 - 0x6d524000 	C:\Archivos de programa\Java\jdk1.6.0_13\jre\bin\jpeg.dll
0x6d220000 - 0x6d24f000 	C:\Archivos de programa\Java\jdk1.6.0_13\jre\bin\cmm.dll
0x6d6e0000 - 0x6d6e9000 	C:\Archivos de programa\Java\jdk1.6.0_13\jre\bin\nio.dll
0x6d250000 - 0x6d273000 	C:\Archivos de programa\Java\jdk1.6.0_13\jre\bin\dcpr.dll
0x6d620000 - 0x6d6b3000 	C:\Archivos de programa\Java\jdk1.6.0_13\jre\bin\mlib_image.dll

VM Arguments:
jvm_args: -Dfile.encoding=UTF-8 
java_command: VBuscaminas
Launcher Type: SUN_STANDARD

Environment Variables:
PATH=C:\Archivos de programa\PC Connectivity Solution\;C:\WINDOWS\system32;C:\WINDOWS;C:\WINDOWS\System32\Wbem;C:\Archivos de programa\Archivos comunes\Adobe\AGL;C:\Archivos de programa\Microsoft SQL Server\90\Tools\binn\;C:\Archivos de programa\Archivos comunes\Ahead\Lib\
USERNAME=Jesus
OS=Windows_NT
PROCESSOR_IDENTIFIER=x86 Family 15 Model 95 Stepping 2, AuthenticAMD



---------------  S Y S T E M  ---------------

OS: Windows XP Build 2600 Service Pack 2

CPU:total 1 (1 cores per cpu, 1 threads per core) family 15 model 95 stepping 2, cmov, cx8, fxsr, mmx, sse, sse2, sse3, mmxext, 3dnow, 3dnowext

Memory: 4k page, physical 982384k(64932k free), swap 2370624k(1283232k free)

vm_info: Java HotSpot(TM) Client VM (11.3-b02) for windows-x86 JRE (1.6.0_13-b03), built on Mar  9 2009 01:15:24 by "java_re" with MS VC++ 7.1

time: Sun Jul 25 05:21:52 2010
elapsed time: 23 seconds

